<?xml version="1.0" encoding="UTF-8"?>
<!-- Generated by org.testng.reporters.JUnitReportReporter -->
<testsuite skipped="0" hostname="DESKTOP-5UOBFB2" name="com.test.testcase.LoginTest" tests="4" failures="0" timestamp="2023-08-13T16:57:03 IST" time="105.480" errors="0">
  <testcase name="TC_001_verifyLoginFunctionalitywithDifferentUsers" time="16.243" classname="com.test.testcase.LoginTest"/>
  <system-out/>
  <testcase name="TC_002_verifyLoginFunctionalitywithValidUsernameandInvalidPassword" time="28.407" classname="com.test.testcase.LoginTest"/>
  <system-out/>
  <testcase name="TC_003_verifyLoginFunctionalitywithInvalidUsernameandValidPassword" time="33.366" classname="com.test.testcase.LoginTest"/>
  <system-out/>
  <testcase name="TC_004_verifyLoginFunctionalitywithInvalidUsernameandInvalidPassword" time="27.464" classname="com.test.testcase.LoginTest"/>
  <system-out/>
</testsuite> <!-- com.test.testcase.LoginTest -->
