<?xml version="1.0" encoding="UTF-8"?>
<!-- Generated by org.testng.reporters.JUnitReportReporter -->
<testsuite skipped="0" hostname="DESKTOP-5UOBFB2" name="com.test.api.APITest" tests="2" failures="0" timestamp="2023-08-13T16:51:51 IST" time="7.979" errors="0">
  <testcase name="TC_01_GetListOfPetsWithValidStatus" time="5.498" classname="com.test.api.APITest"/>
  <system-out/>
  <testcase name="TC_02_GetListOfPetsWithInvalidStatus" time="2.481" classname="com.test.api.APITest"/>
  <system-out/>
</testsuite> <!-- com.test.api.APITest -->
